<?xml version="1.0" encoding="UTF-8"?>
<testsuite xmlns:xsi="http://www.w3.org/2001/XMLSchema-instance" xsi:noNamespaceSchemaLocation="https://maven.apache.org/surefire/maven-surefire-plugin/xsd/surefire-test-report-3.0.xsd" version="3.0" name="com.adorsys.keycloakstatuslist.TokenStatusPluginTest" time="1.764" tests="10" errors="0" skipped="0" failures="0">
  <properties>
    <property name="java.specification.version" value="21"/>
    <property name="sun.jnu.encoding" value="UTF-8"/>
    <property name="java.class.path" value="/home/arthur/Documents/token-status-link/target/test-classes:/home/arthur/Documents/token-status-link/target/classes:/home/arthur/.m2/repository/org/keycloak/keycloak-core/22.0.1/keycloak-core-22.0.1.jar:/home/arthur/.m2/repository/org/keycloak/keycloak-common/22.0.1/keycloak-common-22.0.1.jar:/home/arthur/.m2/repository/jakarta/activation/jakarta.activation-api/2.1.2/jakarta.activation-api-2.1.2.jar:/home/arthur/.m2/repository/com/fasterxml/jackson/core/jackson-core/2.15.2/jackson-core-2.15.2.jar:/home/arthur/.m2/repository/org/keycloak/keycloak-server-spi/22.0.1/keycloak-server-spi-22.0.1.jar:/home/arthur/.m2/repository/org/keycloak/keycloak-server-spi-private/22.0.1/keycloak-server-spi-private-22.0.1.jar:/home/arthur/.m2/repository/org/apache/httpcomponents/httpclient/4.5.14/httpclient-4.5.14.jar:/home/arthur/.m2/repository/org/apache/httpcomponents/httpcore/4.4.16/httpcore-4.4.16.jar:/home/arthur/.m2/repository/commons-logging/commons-logging/1.2/commons-logging-1.2.jar:/home/arthur/.m2/repository/commons-codec/commons-codec/1.11/commons-codec-1.11.jar:/home/arthur/.m2/repository/org/keycloak/keycloak-services/22.0.1/keycloak-services-22.0.1.jar:/home/arthur/.m2/repository/jakarta/mail/jakarta.mail-api/2.1.1/jakarta.mail-api-2.1.1.jar:/home/arthur/.m2/repository/org/eclipse/angus/angus-mail/2.0.1/angus-mail-2.0.1.jar:/home/arthur/.m2/repository/org/eclipse/angus/angus-activation/2.0.0/angus-activation-2.0.0.jar:/home/arthur/.m2/repository/org/twitter4j/twitter4j-core/4.1.2/twitter4j-core-4.1.2.jar:/home/arthur/.m2/repository/org/jetbrains/annotations/23.0.0/annotations-23.0.0.jar:/home/arthur/.m2/repository/jakarta/ws/rs/jakarta.ws.rs-api/3.1.0/jakarta.ws.rs-api-3.1.0.jar:/home/arthur/.m2/repository/jakarta/transaction/jakarta.transaction-api/2.0.1/jakarta.transaction-api-2.0.1.jar:/home/arthur/.m2/repository/jakarta/xml/soap/jakarta.xml.soap-api/3.0.0/jakarta.xml.soap-api-3.0.0.jar:/home/arthur/.m2/repository/org/jboss/resteasy/resteasy-multipart-provider/6.2.4.Final/resteasy-multipart-provider-6.2.4.Final.jar:/home/arthur/.m2/repository/org/jboss/resteasy/resteasy-core-spi/6.2.4.Final/resteasy-core-spi-6.2.4.Final.jar:/home/arthur/.m2/repository/jakarta/annotation/jakarta.annotation-api/2.1.1/jakarta.annotation-api-2.1.1.jar:/home/arthur/.m2/repository/jakarta/xml/bind/jakarta.xml.bind-api/3.0.1/jakarta.xml.bind-api-3.0.1.jar:/home/arthur/.m2/repository/org/reactivestreams/reactive-streams/1.0.4/reactive-streams-1.0.4.jar:/home/arthur/.m2/repository/jakarta/validation/jakarta.validation-api/3.0.2/jakarta.validation-api-3.0.2.jar:/home/arthur/.m2/repository/org/jboss/resteasy/resteasy-core/6.2.4.Final/resteasy-core-6.2.4.Final.jar:/home/arthur/.m2/repository/org/jboss/jandex/2.4.3.Final/jandex-2.4.3.Final.jar:/home/arthur/.m2/repository/com/ibm/async/asyncutil/0.1.0/asyncutil-0.1.0.jar:/home/arthur/.m2/repository/org/jboss/resteasy/resteasy-jaxb-provider/6.2.4.Final/resteasy-jaxb-provider-6.2.4.Final.jar:/home/arthur/.m2/repository/org/glassfish/jaxb/codemodel/4.0.2/codemodel-4.0.2.jar:/home/arthur/.m2/repository/org/glassfish/jaxb/jaxb-core/4.0.2/jaxb-core-4.0.2.jar:/home/arthur/.m2/repository/org/glassfish/jaxb/jaxb-jxc/4.0.2/jaxb-jxc-4.0.2.jar:/home/arthur/.m2/repository/org/glassfish/jaxb/jaxb-runtime/4.0.2/jaxb-runtime-4.0.2.jar:/home/arthur/.m2/repository/org/glassfish/jaxb/txw2/4.0.2/txw2-4.0.2.jar:/home/arthur/.m2/repository/org/glassfish/jaxb/jaxb-xjc/4.0.2/jaxb-xjc-4.0.2.jar:/home/arthur/.m2/repository/org/glassfish/jaxb/xsom/4.0.2/xsom-4.0.2.jar:/home/arthur/.m2/repository/com/sun/istack/istack-commons-runtime/4.1.2/istack-commons-runtime-4.1.2.jar:/home/arthur/.m2/repository/com/sun/istack/istack-commons-tools/4.1.2/istack-commons-tools-4.1.2.jar:/home/arthur/.m2/repository/com/sun/xml/bind/external/relaxng-datatype/4.0.2/relaxng-datatype-4.0.2.jar:/home/arthur/.m2/repository/com/sun/xml/bind/external/rngom/4.0.2/rngom-4.0.2.jar:/home/arthur/.m2/repository/org/apache/james/apache-mime4j-dom/0.8.9/apache-mime4j-dom-0.8.9.jar:/home/arthur/.m2/repository/org/apache/james/apache-mime4j-core/0.8.9/apache-mime4j-core-0.8.9.jar:/home/arthur/.m2/repository/org/apache/james/apache-mime4j-storage/0.8.9/apache-mime4j-storage-0.8.9.jar:/home/arthur/.m2/repository/commons-io/commons-io/2.11.0/commons-io-2.11.0.jar:/home/arthur/.m2/repository/com/googlecode/owasp-java-html-sanitizer/owasp-java-html-sanitizer/20220608.1/owasp-java-html-sanitizer-20220608.1.jar:/home/arthur/.m2/repository/com/google/guava/guava/30.1-jre/guava-30.1-jre.jar:/home/arthur/.m2/repository/com/google/guava/failureaccess/1.0.1/failureaccess-1.0.1.jar:/home/arthur/.m2/repository/com/google/guava/listenablefuture/9999.0-empty-to-avoid-conflict-with-guava/listenablefuture-9999.0-empty-to-avoid-conflict-with-guava.jar:/home/arthur/.m2/repository/com/google/code/findbugs/jsr305/3.0.2/jsr305-3.0.2.jar:/home/arthur/.m2/repository/com/google/errorprone/error_prone_annotations/2.3.4/error_prone_annotations-2.3.4.jar:/home/arthur/.m2/repository/com/google/j2objc/j2objc-annotations/1.3/j2objc-annotations-1.3.jar:/home/arthur/.m2/repository/com/fasterxml/jackson/core/jackson-annotations/2.15.2/jackson-annotations-2.15.2.jar:/home/arthur/.m2/repository/javax/annotation/javax.annotation-api/1.3.2/javax.annotation-api-1.3.2.jar:/home/arthur/.m2/repository/com/fasterxml/jackson/datatype/jackson-datatype-jdk8/2.15.2/jackson-datatype-jdk8-2.15.2.jar:/home/arthur/.m2/repository/com/google/zxing/javase/3.4.0/javase-3.4.0.jar:/home/arthur/.m2/repository/com/google/zxing/core/3.4.0/core-3.4.0.jar:/home/arthur/.m2/repository/com/github/jai-imageio/jai-imageio-core/1.4.0/jai-imageio-core-1.4.0.jar:/home/arthur/.m2/repository/com/webauthn4j/webauthn4j-core/0.21.0.RELEASE/webauthn4j-core-0.21.0.RELEASE.jar:/home/arthur/.m2/repository/com/webauthn4j/webauthn4j-util/0.21.0.RELEASE/webauthn4j-util-0.21.0.RELEASE.jar:/home/arthur/.m2/repository/org/apache/kerby/kerby-asn1/2.0.3/kerby-asn1-2.0.3.jar:/home/arthur/.m2/repository/com/fasterxml/jackson/dataformat/jackson-dataformat-cbor/2.14.2/jackson-dataformat-cbor-2.14.2.jar:/home/arthur/.m2/repository/org/checkerframework/checker-qual/3.31.0/checker-qual-3.31.0.jar:/home/arthur/.m2/repository/com/github/ua-parser/uap-java/1.5.4/uap-java-1.5.4.jar:/home/arthur/.m2/repository/org/yaml/snakeyaml/1.33/snakeyaml-1.33.jar:/home/arthur/.m2/repository/org/apache/commons/commons-collections4/4.4/commons-collections4-4.4.jar:/home/arthur/.m2/repository/org/eclipse/microprofile/openapi/microprofile-openapi-api/3.1/microprofile-openapi-api-3.1.jar:/home/arthur/.m2/repository/org/apache/httpcomponents/client5/httpclient5/5.2.1/httpclient5-5.2.1.jar:/home/arthur/.m2/repository/org/apache/httpcomponents/core5/httpcore5/5.2/httpcore5-5.2.jar:/home/arthur/.m2/repository/org/apache/httpcomponents/core5/httpcore5-h2/5.2/httpcore5-h2-5.2.jar:/home/arthur/.m2/repository/org/slf4j/slf4j-api/1.7.36/slf4j-api-1.7.36.jar:/home/arthur/.m2/repository/com/fasterxml/jackson/core/jackson-databind/2.15.2/jackson-databind-2.15.2.jar:/home/arthur/.m2/repository/com/fasterxml/jackson/datatype/jackson-datatype-jsr310/2.15.2/jackson-datatype-jsr310-2.15.2.jar:/home/arthur/.m2/repository/org/jboss/logging/jboss-logging/3.5.3.Final/jboss-logging-3.5.3.Final.jar:/home/arthur/.m2/repository/org/junit/jupiter/junit-jupiter/5.12.0/junit-jupiter-5.12.0.jar:/home/arthur/.m2/repository/org/junit/jupiter/junit-jupiter-api/5.12.0/junit-jupiter-api-5.12.0.jar:/home/arthur/.m2/repository/org/opentest4j/opentest4j/1.3.0/opentest4j-1.3.0.jar:/home/arthur/.m2/repository/org/junit/platform/junit-platform-commons/1.12.0/junit-platform-commons-1.12.0.jar:/home/arthur/.m2/repository/org/apiguardian/apiguardian-api/1.1.2/apiguardian-api-1.1.2.jar:/home/arthur/.m2/repository/org/junit/jupiter/junit-jupiter-params/5.12.0/junit-jupiter-params-5.12.0.jar:/home/arthur/.m2/repository/org/junit/jupiter/junit-jupiter-engine/5.12.0/junit-jupiter-engine-5.12.0.jar:/home/arthur/.m2/repository/org/junit/platform/junit-platform-engine/1.12.0/junit-platform-engine-1.12.0.jar:/home/arthur/.m2/repository/org/mockito/mockito-core/5.15.2/mockito-core-5.15.2.jar:/home/arthur/.m2/repository/net/bytebuddy/byte-buddy/1.15.11/byte-buddy-1.15.11.jar:/home/arthur/.m2/repository/net/bytebuddy/byte-buddy-agent/1.15.11/byte-buddy-agent-1.15.11.jar:/home/arthur/.m2/repository/org/objenesis/objenesis/3.3/objenesis-3.3.jar:/home/arthur/.m2/repository/org/mockito/mockito-junit-jupiter/5.15.2/mockito-junit-jupiter-5.15.2.jar:"/>
    <property name="java.vm.vendor" value="Ubuntu"/>
    <property name="sun.arch.data.model" value="64"/>
    <property name="java.vendor.url" value="https://ubuntu.com/"/>
    <property name="user.timezone" value="Africa/Douala"/>
    <property name="os.name" value="Linux"/>
    <property name="java.vm.specification.version" value="21"/>
    <property name="sun.java.launcher" value="SUN_STANDARD"/>
    <property name="user.country" value="US"/>
    <property name="sun.boot.library.path" value="/usr/lib/jvm/java-21-openjdk-amd64/lib"/>
    <property name="sun.java.command" value="/home/arthur/Documents/token-status-link/target/surefire/surefirebooter-20250411120731357_3.jar /home/arthur/Documents/token-status-link/target/surefire 2025-04-11T12-07-31_309-jvmRun1 surefire-20250411120731357_1tmp surefire_0-20250411120731357_2tmp"/>
    <property name="jdk.debug" value="release"/>
    <property name="surefire.test.class.path" value="/home/arthur/Documents/token-status-link/target/test-classes:/home/arthur/Documents/token-status-link/target/classes:/home/arthur/.m2/repository/org/keycloak/keycloak-core/22.0.1/keycloak-core-22.0.1.jar:/home/arthur/.m2/repository/org/keycloak/keycloak-common/22.0.1/keycloak-common-22.0.1.jar:/home/arthur/.m2/repository/jakarta/activation/jakarta.activation-api/2.1.2/jakarta.activation-api-2.1.2.jar:/home/arthur/.m2/repository/com/fasterxml/jackson/core/jackson-core/2.15.2/jackson-core-2.15.2.jar:/home/arthur/.m2/repository/org/keycloak/keycloak-server-spi/22.0.1/keycloak-server-spi-22.0.1.jar:/home/arthur/.m2/repository/org/keycloak/keycloak-server-spi-private/22.0.1/keycloak-server-spi-private-22.0.1.jar:/home/arthur/.m2/repository/org/apache/httpcomponents/httpclient/4.5.14/httpclient-4.5.14.jar:/home/arthur/.m2/repository/org/apache/httpcomponents/httpcore/4.4.16/httpcore-4.4.16.jar:/home/arthur/.m2/repository/commons-logging/commons-logging/1.2/commons-logging-1.2.jar:/home/arthur/.m2/repository/commons-codec/commons-codec/1.11/commons-codec-1.11.jar:/home/arthur/.m2/repository/org/keycloak/keycloak-services/22.0.1/keycloak-services-22.0.1.jar:/home/arthur/.m2/repository/jakarta/mail/jakarta.mail-api/2.1.1/jakarta.mail-api-2.1.1.jar:/home/arthur/.m2/repository/org/eclipse/angus/angus-mail/2.0.1/angus-mail-2.0.1.jar:/home/arthur/.m2/repository/org/eclipse/angus/angus-activation/2.0.0/angus-activation-2.0.0.jar:/home/arthur/.m2/repository/org/twitter4j/twitter4j-core/4.1.2/twitter4j-core-4.1.2.jar:/home/arthur/.m2/repository/org/jetbrains/annotations/23.0.0/annotations-23.0.0.jar:/home/arthur/.m2/repository/jakarta/ws/rs/jakarta.ws.rs-api/3.1.0/jakarta.ws.rs-api-3.1.0.jar:/home/arthur/.m2/repository/jakarta/transaction/jakarta.transaction-api/2.0.1/jakarta.transaction-api-2.0.1.jar:/home/arthur/.m2/repository/jakarta/xml/soap/jakarta.xml.soap-api/3.0.0/jakarta.xml.soap-api-3.0.0.jar:/home/arthur/.m2/repository/org/jboss/resteasy/resteasy-multipart-provider/6.2.4.Final/resteasy-multipart-provider-6.2.4.Final.jar:/home/arthur/.m2/repository/org/jboss/resteasy/resteasy-core-spi/6.2.4.Final/resteasy-core-spi-6.2.4.Final.jar:/home/arthur/.m2/repository/jakarta/annotation/jakarta.annotation-api/2.1.1/jakarta.annotation-api-2.1.1.jar:/home/arthur/.m2/repository/jakarta/xml/bind/jakarta.xml.bind-api/3.0.1/jakarta.xml.bind-api-3.0.1.jar:/home/arthur/.m2/repository/org/reactivestreams/reactive-streams/1.0.4/reactive-streams-1.0.4.jar:/home/arthur/.m2/repository/jakarta/validation/jakarta.validation-api/3.0.2/jakarta.validation-api-3.0.2.jar:/home/arthur/.m2/repository/org/jboss/resteasy/resteasy-core/6.2.4.Final/resteasy-core-6.2.4.Final.jar:/home/arthur/.m2/repository/org/jboss/jandex/2.4.3.Final/jandex-2.4.3.Final.jar:/home/arthur/.m2/repository/com/ibm/async/asyncutil/0.1.0/asyncutil-0.1.0.jar:/home/arthur/.m2/repository/org/jboss/resteasy/resteasy-jaxb-provider/6.2.4.Final/resteasy-jaxb-provider-6.2.4.Final.jar:/home/arthur/.m2/repository/org/glassfish/jaxb/codemodel/4.0.2/codemodel-4.0.2.jar:/home/arthur/.m2/repository/org/glassfish/jaxb/jaxb-core/4.0.2/jaxb-core-4.0.2.jar:/home/arthur/.m2/repository/org/glassfish/jaxb/jaxb-jxc/4.0.2/jaxb-jxc-4.0.2.jar:/home/arthur/.m2/repository/org/glassfish/jaxb/jaxb-runtime/4.0.2/jaxb-runtime-4.0.2.jar:/home/arthur/.m2/repository/org/glassfish/jaxb/txw2/4.0.2/txw2-4.0.2.jar:/home/arthur/.m2/repository/org/glassfish/jaxb/jaxb-xjc/4.0.2/jaxb-xjc-4.0.2.jar:/home/arthur/.m2/repository/org/glassfish/jaxb/xsom/4.0.2/xsom-4.0.2.jar:/home/arthur/.m2/repository/com/sun/istack/istack-commons-runtime/4.1.2/istack-commons-runtime-4.1.2.jar:/home/arthur/.m2/repository/com/sun/istack/istack-commons-tools/4.1.2/istack-commons-tools-4.1.2.jar:/home/arthur/.m2/repository/com/sun/xml/bind/external/relaxng-datatype/4.0.2/relaxng-datatype-4.0.2.jar:/home/arthur/.m2/repository/com/sun/xml/bind/external/rngom/4.0.2/rngom-4.0.2.jar:/home/arthur/.m2/repository/org/apache/james/apache-mime4j-dom/0.8.9/apache-mime4j-dom-0.8.9.jar:/home/arthur/.m2/repository/org/apache/james/apache-mime4j-core/0.8.9/apache-mime4j-core-0.8.9.jar:/home/arthur/.m2/repository/org/apache/james/apache-mime4j-storage/0.8.9/apache-mime4j-storage-0.8.9.jar:/home/arthur/.m2/repository/commons-io/commons-io/2.11.0/commons-io-2.11.0.jar:/home/arthur/.m2/repository/com/googlecode/owasp-java-html-sanitizer/owasp-java-html-sanitizer/20220608.1/owasp-java-html-sanitizer-20220608.1.jar:/home/arthur/.m2/repository/com/google/guava/guava/30.1-jre/guava-30.1-jre.jar:/home/arthur/.m2/repository/com/google/guava/failureaccess/1.0.1/failureaccess-1.0.1.jar:/home/arthur/.m2/repository/com/google/guava/listenablefuture/9999.0-empty-to-avoid-conflict-with-guava/listenablefuture-9999.0-empty-to-avoid-conflict-with-guava.jar:/home/arthur/.m2/repository/com/google/code/findbugs/jsr305/3.0.2/jsr305-3.0.2.jar:/home/arthur/.m2/repository/com/google/errorprone/error_prone_annotations/2.3.4/error_prone_annotations-2.3.4.jar:/home/arthur/.m2/repository/com/google/j2objc/j2objc-annotations/1.3/j2objc-annotations-1.3.jar:/home/arthur/.m2/repository/com/fasterxml/jackson/core/jackson-annotations/2.15.2/jackson-annotations-2.15.2.jar:/home/arthur/.m2/repository/javax/annotation/javax.annotation-api/1.3.2/javax.annotation-api-1.3.2.jar:/home/arthur/.m2/repository/com/fasterxml/jackson/datatype/jackson-datatype-jdk8/2.15.2/jackson-datatype-jdk8-2.15.2.jar:/home/arthur/.m2/repository/com/google/zxing/javase/3.4.0/javase-3.4.0.jar:/home/arthur/.m2/repository/com/google/zxing/core/3.4.0/core-3.4.0.jar:/home/arthur/.m2/repository/com/github/jai-imageio/jai-imageio-core/1.4.0/jai-imageio-core-1.4.0.jar:/home/arthur/.m2/repository/com/webauthn4j/webauthn4j-core/0.21.0.RELEASE/webauthn4j-core-0.21.0.RELEASE.jar:/home/arthur/.m2/repository/com/webauthn4j/webauthn4j-util/0.21.0.RELEASE/webauthn4j-util-0.21.0.RELEASE.jar:/home/arthur/.m2/repository/org/apache/kerby/kerby-asn1/2.0.3/kerby-asn1-2.0.3.jar:/home/arthur/.m2/repository/com/fasterxml/jackson/dataformat/jackson-dataformat-cbor/2.14.2/jackson-dataformat-cbor-2.14.2.jar:/home/arthur/.m2/repository/org/checkerframework/checker-qual/3.31.0/checker-qual-3.31.0.jar:/home/arthur/.m2/repository/com/github/ua-parser/uap-java/1.5.4/uap-java-1.5.4.jar:/home/arthur/.m2/repository/org/yaml/snakeyaml/1.33/snakeyaml-1.33.jar:/home/arthur/.m2/repository/org/apache/commons/commons-collections4/4.4/commons-collections4-4.4.jar:/home/arthur/.m2/repository/org/eclipse/microprofile/openapi/microprofile-openapi-api/3.1/microprofile-openapi-api-3.1.jar:/home/arthur/.m2/repository/org/apache/httpcomponents/client5/httpclient5/5.2.1/httpclient5-5.2.1.jar:/home/arthur/.m2/repository/org/apache/httpcomponents/core5/httpcore5/5.2/httpcore5-5.2.jar:/home/arthur/.m2/repository/org/apache/httpcomponents/core5/httpcore5-h2/5.2/httpcore5-h2-5.2.jar:/home/arthur/.m2/repository/org/slf4j/slf4j-api/1.7.36/slf4j-api-1.7.36.jar:/home/arthur/.m2/repository/com/fasterxml/jackson/core/jackson-databind/2.15.2/jackson-databind-2.15.2.jar:/home/arthur/.m2/repository/com/fasterxml/jackson/datatype/jackson-datatype-jsr310/2.15.2/jackson-datatype-jsr310-2.15.2.jar:/home/arthur/.m2/repository/org/jboss/logging/jboss-logging/3.5.3.Final/jboss-logging-3.5.3.Final.jar:/home/arthur/.m2/repository/org/junit/jupiter/junit-jupiter/5.12.0/junit-jupiter-5.12.0.jar:/home/arthur/.m2/repository/org/junit/jupiter/junit-jupiter-api/5.12.0/junit-jupiter-api-5.12.0.jar:/home/arthur/.m2/repository/org/opentest4j/opentest4j/1.3.0/opentest4j-1.3.0.jar:/home/arthur/.m2/repository/org/junit/platform/junit-platform-commons/1.12.0/junit-platform-commons-1.12.0.jar:/home/arthur/.m2/repository/org/apiguardian/apiguardian-api/1.1.2/apiguardian-api-1.1.2.jar:/home/arthur/.m2/repository/org/junit/jupiter/junit-jupiter-params/5.12.0/junit-jupiter-params-5.12.0.jar:/home/arthur/.m2/repository/org/junit/jupiter/junit-jupiter-engine/5.12.0/junit-jupiter-engine-5.12.0.jar:/home/arthur/.m2/repository/org/junit/platform/junit-platform-engine/1.12.0/junit-platform-engine-1.12.0.jar:/home/arthur/.m2/repository/org/mockito/mockito-core/5.15.2/mockito-core-5.15.2.jar:/home/arthur/.m2/repository/net/bytebuddy/byte-buddy/1.15.11/byte-buddy-1.15.11.jar:/home/arthur/.m2/repository/net/bytebuddy/byte-buddy-agent/1.15.11/byte-buddy-agent-1.15.11.jar:/home/arthur/.m2/repository/org/objenesis/objenesis/3.3/objenesis-3.3.jar:/home/arthur/.m2/repository/org/mockito/mockito-junit-jupiter/5.15.2/mockito-junit-jupiter-5.15.2.jar:"/>
    <property name="sun.cpu.endian" value="little"/>
    <property name="user.home" value="/home/arthur"/>
    <property name="user.language" value="en"/>
    <property name="java.specification.vendor" value="Oracle Corporation"/>
    <property name="java.version.date" value="2025-01-21"/>
    <property name="java.home" value="/usr/lib/jvm/java-21-openjdk-amd64"/>
    <property name="file.separator" value="/"/>
    <property name="basedir" value="/home/arthur/Documents/token-status-link"/>
    <property name="java.vm.compressedOopsMode" value="Zero based"/>
    <property name="line.separator" value="&#10;"/>
    <property name="java.specification.name" value="Java Platform API Specification"/>
    <property name="java.vm.specification.vendor" value="Oracle Corporation"/>
    <property name="surefire.real.class.path" value="/home/arthur/Documents/token-status-link/target/surefire/surefirebooter-20250411120731357_3.jar"/>
    <property name="sun.management.compiler" value="HotSpot 64-Bit Tiered Compilers"/>
    <property name="java.runtime.version" value="21.0.6+7-Ubuntu-122.04.1"/>
    <property name="user.name" value="arthur"/>
    <property name="stdout.encoding" value="UTF-8"/>
    <property name="path.separator" value=":"/>
    <property name="os.version" value="6.8.0-52-generic"/>
    <property name="java.runtime.name" value="OpenJDK Runtime Environment"/>
    <property name="file.encoding" value="UTF-8"/>
    <property name="java.vm.name" value="OpenJDK 64-Bit Server VM"/>
    <property name="localRepository" value="/home/arthur/.m2/repository"/>
    <property name="java.vendor.url.bug" value="https://bugs.launchpad.net/ubuntu/+source/openjdk-21"/>
    <property name="java.io.tmpdir" value="/tmp"/>
    <property name="java.version" value="21.0.6"/>
    <property name="user.dir" value="/home/arthur/Documents/token-status-link"/>
    <property name="os.arch" value="amd64"/>
    <property name="java.vm.specification.name" value="Java Virtual Machine Specification"/>
    <property name="native.encoding" value="UTF-8"/>
    <property name="java.library.path" value="/home/arthur/Downloads/squashfs-root/usr/lib/:/home/arthur/Downloads/squashfs-root/usr/lib32/:/home/arthur/Downloads/squashfs-root/usr/lib64/:/home/arthur/Downloads/squashfs-root/lib/:/home/arthur/Downloads/squashfs-root/lib/i386-linux-gnu/:/home/arthur/Downloads/squashfs-root/lib/x86_64-linux-gnu/:/home/arthur/Downloads/squashfs-root/lib/aarch64-linux-gnu/:/home/arthur/Downloads/squashfs-root/lib32/:/home/arthur/Downloads/squashfs-root/lib64/::/usr/java/packages/lib:/usr/lib/x86_64-linux-gnu/jni:/lib/x86_64-linux-gnu:/usr/lib/x86_64-linux-gnu:/usr/lib/jni:/lib:/usr/lib"/>
    <property name="java.vm.info" value="mixed mode, sharing"/>
    <property name="stderr.encoding" value="UTF-8"/>
    <property name="java.vendor" value="Ubuntu"/>
    <property name="java.vm.version" value="21.0.6+7-Ubuntu-122.04.1"/>
    <property name="sun.io.unicode.encoding" value="UnicodeLittle"/>
    <property name="java.class.version" value="65.0"/>
  </properties>
  <testcase name="testStatusListConfigLoading" classname="com.adorsys.keycloakstatuslist.TokenStatusPluginTest" time="1.26">
    <system-err><![CDATA[Mockito is currently self-attaching to enable the inline-mock-maker. This will no longer work in future releases of the JDK. Please add Mockito as an agent to your build as described in Mockito's documentation: https://javadoc.io/doc/org.mockito/mockito-core/latest/org/mockito/Mockito.html#0.3
WARNING: A Java agent has been loaded dynamically (/home/arthur/.m2/repository/net/bytebuddy/byte-buddy-agent/1.15.11/byte-buddy-agent-1.15.11.jar)
WARNING: If a serviceability tool is in use, please run with -XX:+EnableDynamicAgentLoading to hide this warning
WARNING: If a serviceability tool is not in use, please run with -Djdk.instrument.traceUsage for more information
WARNING: Dynamic loading of agents will be disallowed by default in a future release
SLF4J: Failed to load class "org.slf4j.impl.StaticLoggerBinder".
SLF4J: Defaulting to no-operation (NOP) logger implementation
SLF4J: See http://www.slf4j.org/codes.html#StaticLoggerBinder for further details.
]]></system-err>
  </testcase>
  <testcase name="testStatusListServiceRetry" classname="com.adorsys.keycloakstatuslist.TokenStatusPluginTest" time="0.441">
    <system-err><![CDATA[Apr 11, 2025 12:07:33 PM com.adorsys.keycloakstatuslist.service.StatusListService executeWithRetry
WARN: Request failed. Status code: 500
]]></system-err>
  </testcase>
  <testcase name="testEventListenerForLogoutEvent" classname="com.adorsys.keycloakstatuslist.TokenStatusPluginTest" time="0.007"/>
  <testcase name="testEventListenerIgnoresEventsWithoutTokenId" classname="com.adorsys.keycloakstatuslist.TokenStatusPluginTest" time="0.003"/>
  <testcase name="testTokenStatusModel" classname="com.adorsys.keycloakstatuslist.TokenStatusPluginTest" time="0.002"/>
  <testcase name="testStatusListServiceUpdate" classname="com.adorsys.keycloakstatuslist.TokenStatusPluginTest" time="0.007"/>
  <testcase name="testEventListenerForLoginEvent" classname="com.adorsys.keycloakstatuslist.TokenStatusPluginTest" time="0.003"/>
  <testcase name="testEventListenerIgnoresIrrelevantEvents" classname="com.adorsys.keycloakstatuslist.TokenStatusPluginTest" time="0.002"/>
  <testcase name="testStatusListConfigDefaults" classname="com.adorsys.keycloakstatuslist.TokenStatusPluginTest" time="0.003"/>
  <testcase name="testStatusListServicePublish" classname="com.adorsys.keycloakstatuslist.TokenStatusPluginTest" time="0.007"/>
</testsuite>